TN:
SF:cli/reset.js
FNF:0
FNH:0
DA:1,1
DA:2,1
DA:3,1
DA:4,1
DA:5,1
DA:6,1
DA:7,1
DA:8,1
DA:9,1
DA:10,1
DA:11,1
DA:12,1
DA:13,1
DA:14,1
LF:14
LH:14
BRDA:1,0,0,1
BRF:1
BRH:1
end_of_record
TN:
SF:server/app.js
FNF:0
FNH:0
DA:1,1
DA:2,1
DA:3,1
DA:4,1
DA:5,1
DA:6,1
DA:7,1
DA:8,1
DA:9,1
DA:10,1
DA:11,1
DA:12,1
DA:13,1
DA:14,1
DA:15,1
DA:16,1
DA:17,1
DA:18,1
DA:19,1
DA:20,1
DA:21,1
DA:22,1
DA:23,1
DA:24,1
DA:25,1
DA:26,1
DA:27,1
DA:28,1
DA:29,1
DA:30,1
DA:31,1
DA:32,1
DA:33,1
DA:34,1
DA:35,1
DA:36,1
DA:37,1
DA:38,1
DA:39,1
DA:40,1
DA:41,1
LF:41
LH:41
BRDA:1,0,0,1
BRDA:13,1,0,1
BRDA:29,2,0,1
BRDA:32,3,0,1
BRF:4
BRH:4
end_of_record
TN:
SF:server/routes/_example.js
FN:8,hey
FN:22,echo
FNF:2
FNH:2
FNDA:2,hey
FNDA:1,echo
DA:1,1
DA:2,1
DA:3,1
DA:4,1
DA:5,1
DA:6,1
DA:7,1
DA:8,2
DA:9,2
DA:10,2
DA:11,2
DA:12,2
DA:13,2
DA:14,2
DA:15,2
DA:16,2
DA:17,2
DA:18,2
DA:19,2
DA:20,1
DA:21,1
DA:22,1
DA:23,1
DA:24,1
DA:25,1
DA:26,1
DA:27,1
DA:28,1
DA:29,1
DA:30,1
DA:31,1
DA:32,1
DA:33,1
DA:34,1
LF:34
LH:34
BRDA:1,0,0,1
BRDA:8,1,0,2
BRDA:22,2,0,1
BRF:3
BRH:3
end_of_record
TN:
SF:server/routes/routes.js
FN:10,importFilesGenerator
FNF:1
FNH:1
FNDA:1,importFilesGenerator
DA:1,1
DA:2,1
DA:3,1
DA:4,1
DA:5,1
DA:6,1
DA:7,1
DA:8,1
DA:9,1
DA:10,1
DA:11,1
DA:12,1
DA:13,1
DA:14,1
DA:15,1
DA:16,1
DA:17,1
DA:18,1
DA:19,1
DA:20,1
DA:21,1
LF:21
LH:21
BRDA:1,0,0,1
BRDA:8,1,0,2
BRDA:8,2,0,1
BRDA:10,3,0,1
BRF:4
BRH:4
end_of_record
